<?xml version="1.0" encoding="UTF-8"?>
<!-- Generated by org.testng.reporters.JUnitReportReporter -->
<testsuite hostname="RAZER-BLADE-PRO" failures="0" tests="5" name="org.appiumautomation.DesktopApp.DesktopApp" time="11.460" errors="1" timestamp="2024-03-29T13:50:33 EDT" skipped="4">
  <testcase classname="org.appiumautomation.DesktopApp.DesktopApp" name="setWindowsCapabilities" time="11.460">
    <error message="Unable to create new remote session. desired capabilities = Capabilities [{app=C:\Program Files (x86)\Shift\shift.exe, platformName=Windows}], required capabilities = Capabilities [{}]
Build info: version: &#039;3.4.0&#039;, revision: &#039;unknown&#039;, time: &#039;unknown&#039;
System info: host: &#039;RAZER-BLADE-PRO&#039;, ip: &#039;100.107.246.45&#039;, os.name: &#039;Windows 10&#039;, os.arch: &#039;amd64&#039;, os.version: &#039;10.0&#039;, java.version: &#039;17.0.10&#039;
Driver info: driver.version: WindowsDriver" type="org.openqa.selenium.SessionNotCreatedException">
      <![CDATA[org.openqa.selenium.SessionNotCreatedException: Unable to create new remote session. desired capabilities = Capabilities [{app=C:\Program Files (x86)\Shift\shift.exe, platformName=Windows}], required capabilities = Capabilities [{}]
Build info: version: '3.4.0', revision: 'unknown', time: 'unknown'
System info: host: 'RAZER-BLADE-PRO', ip: '100.107.246.45', os.name: 'Windows 10', os.arch: 'amd64', os.version: '10.0', java.version: '17.0.10'
Driver info: driver.version: WindowsDriver
at io.appium.java_client.remote.AppiumProtocolHandShake.lambda$1(AppiumProtocolHandShake.java:95)
at java.base/java.util.Optional.orElseThrow(Optional.java:403)
at io.appium.java_client.remote.AppiumProtocolHandShake.createSession(AppiumProtocolHandShake.java:95)
at io.appium.java_client.remote.AppiumCommandExecutor.doExecute(AppiumCommandExecutor.java:111)
at io.appium.java_client.remote.AppiumCommandExecutor.execute(AppiumCommandExecutor.java:162)
at org.openqa.selenium.remote.RemoteWebDriver.execute(RemoteWebDriver.java:637)
at io.appium.java_client.DefaultGenericMobileDriver.execute(DefaultGenericMobileDriver.java:42)
at io.appium.java_client.AppiumDriver.execute(AppiumDriver.java:1)
at io.appium.java_client.windows.WindowsDriver.execute(WindowsDriver.java:1)
at org.openqa.selenium.remote.RemoteWebDriver.startSession(RemoteWebDriver.java:250)
at org.openqa.selenium.remote.RemoteWebDriver.startSession(RemoteWebDriver.java:236)
at org.openqa.selenium.remote.RemoteWebDriver.<init>(RemoteWebDriver.java:137)
at io.appium.java_client.DefaultGenericMobileDriver.<init>(DefaultGenericMobileDriver.java:38)
at io.appium.java_client.AppiumDriver.<init>(AppiumDriver.java:88)
at io.appium.java_client.AppiumDriver.<init>(AppiumDriver.java:112)
at io.appium.java_client.windows.WindowsDriver.<init>(WindowsDriver.java:43)
at org.appiumautomation.DesktopApp.BaseSteps.initiateDriverProperties(BaseSteps.java:54)
at org.appiumautomation.DesktopApp.DesktopApp.setWindowsCapabilities(DesktopApp.java:12)
at java.base/jdk.internal.reflect.NativeMethodAccessorImpl.invoke0(Native Method)
at java.base/jdk.internal.reflect.NativeMethodAccessorImpl.invoke(NativeMethodAccessorImpl.java:77)
at java.base/jdk.internal.reflect.DelegatingMethodAccessorImpl.invoke(DelegatingMethodAccessorImpl.java:43)
at java.base/java.lang.reflect.Method.invoke(Method.java:568)
at org.testng.internal.MethodInvocationHelper.invokeMethod(MethodInvocationHelper.java:133)
at org.testng.internal.MethodInvocationHelper.invokeMethodConsideringTimeout(MethodInvocationHelper.java:62)
at org.testng.internal.ConfigInvoker.invokeConfigurationMethod(ConfigInvoker.java:385)
at org.testng.internal.ConfigInvoker.invokeConfigurations(ConfigInvoker.java:321)
at org.testng.internal.TestMethodWorker.invokeBeforeClassMethods(TestMethodWorker.java:176)
at org.testng.internal.TestMethodWorker.run(TestMethodWorker.java:122)
at java.base/java.util.ArrayList.forEach(ArrayList.java:1511)
at org.testng.TestRunner.privateRun(TestRunner.java:794)
at org.testng.TestRunner.run(TestRunner.java:596)
at org.testng.SuiteRunner.runTest(SuiteRunner.java:377)
at org.testng.SuiteRunner.runSequentially(SuiteRunner.java:371)
at org.testng.SuiteRunner.privateRun(SuiteRunner.java:332)
at org.testng.SuiteRunner.run(SuiteRunner.java:276)
at org.testng.SuiteRunnerWorker.runSuite(SuiteRunnerWorker.java:53)
at org.testng.SuiteRunnerWorker.run(SuiteRunnerWorker.java:96)
at org.testng.TestNG.runSuitesSequentially(TestNG.java:1212)
at org.testng.TestNG.runSuitesLocally(TestNG.java:1134)
at org.testng.TestNG.runSuites(TestNG.java:1063)
at org.testng.TestNG.run(TestNG.java:1031)
at org.testng.remote.AbstractRemoteTestNG.run(AbstractRemoteTestNG.java:115)
at org.testng.remote.RemoteTestNG.initAndRun(RemoteTestNG.java:251)
at org.testng.remote.RemoteTestNG.main(RemoteTestNG.java:77)
]]>
    </error>
  </testcase> <!-- setWindowsCapabilities -->
  <system-out/>
  <testcase classname="org.appiumautomation.DesktopApp.DesktopApp" name="lauchApp" time="0.000">
    <skipped/>
  </testcase> <!-- lauchApp -->
  <system-out/>
  <testcase classname="org.appiumautomation.DesktopApp.DesktopApp" name="enterCredentials" time="0.000">
    <skipped/>
  </testcase> <!-- enterCredentials -->
  <system-out/>
  <testcase classname="org.appiumautomation.DesktopApp.DesktopApp" name="addingWorkspace" time="0.000">
    <skipped/>
  </testcase> <!-- addingWorkspace -->
  <system-out/>
  <testcase classname="org.appiumautomation.DesktopApp.DesktopApp" name="addingMessenger" time="0.000">
    <skipped/>
  </testcase> <!-- addingMessenger -->
  <system-out/>
</testsuite> <!-- org.appiumautomation.DesktopApp.DesktopApp -->
